#
# There is insufficient memory for the Java Runtime Environment to continue.
# Native memory allocation (malloc) failed to allocate 1523056 bytes for Chunk::new
# Possible reasons:
#   The system is out of physical RAM or swap space
#   The process is running with CompressedOops enabled, and the Java Heap may be blocking the growth of the native heap
# Possible solutions:
#   Reduce memory load on the system
#   Increase physical memory or swap space
#   Check if swap backing store is full
#   Decrease Java heap size (-Xmx/-Xms)
#   Decrease number of Java threads
#   Decrease Java thread stack sizes (-Xss)
#   Set larger code cache with -XX:ReservedCodeCacheSize=
#   JVM is running with Zero Based Compressed Oops mode in which the Java heap is
#     placed in the first 32GB address space. The Java Heap base address is the
#     maximum limit for the native heap growth. Please use -XX:HeapBaseMinAddress
#     to set the Java Heap base and to place the Java Heap above 32GB virtual address.
# This output file may be truncated or incomplete.
#
#  Out of Memory Error (arena.cpp:189), pid=17660, tid=15736
#
# JRE version: OpenJDK Runtime Environment (17.0.6) (build 17.0.6+0-b2043.56-10027231)
# Java VM: OpenJDK 64-Bit Server VM (17.0.6+0-b2043.56-10027231, mixed mode, tiered, compressed oops, compressed class ptrs, g1 gc, windows-amd64)
# No core dump will be written. Minidumps are not enabled by default on client versions of Windows
#

---------------  S U M M A R Y ------------

Command Line: --add-opens=java.base/java.util=ALL-UNNAMED --add-opens=java.base/java.lang=ALL-UNNAMED --add-opens=java.base/java.lang.invoke=ALL-UNNAMED --add-opens=java.prefs/java.util.prefs=ALL-UNNAMED --add-opens=java.base/java.nio.charset=ALL-UNNAMED --add-opens=java.base/java.net=ALL-UNNAMED --add-opens=java.base/java.util.concurrent.atomic=ALL-UNNAMED -Xmx4608m -Dfile.encoding=UTF-8 -Duser.country=MY -Duser.language=en -Duser.variant org.gradle.launcher.daemon.bootstrap.GradleDaemon 8.0

Host: 12th Gen Intel(R) Core(TM) i5-12450H, 12 cores, 15G,  Windows 11 , 64 bit Build 22621 (10.0.22621.3374)
Time: Fri May  3 17:50:05 2024 Malay Peninsula Standard Time elapsed time: 12.158468 seconds (0d 0h 0m 12s)

---------------  T H R E A D  ---------------

Current thread (0x0000018fa6aec660):  JavaThread "C2 CompilerThread1" daemon [_thread_in_native, id=15736, stack(0x00000004c1800000,0x00000004c1900000)]


Current CompileTask:
C2:  12158 9441       4       java.lang.String::split (327 bytes)

Stack: [0x00000004c1800000,0x00000004c1900000]
Native frames: (J=compiled Java code, j=interpreted, Vv=VM code, C=native code)
V  [jvm.dll+0x683c9a]
V  [jvm.dll+0x8427a4]
V  [jvm.dll+0x843f9e]
V  [jvm.dll+0x844603]
V  [jvm.dll+0x249b75]
V  [jvm.dll+0xabcac]
V  [jvm.dll+0xac27c]
V  [jvm.dll+0x368802]
V  [jvm.dll+0x332f31]
V  [jvm.dll+0x3323da]
V  [jvm.dll+0x21c201]
V  [jvm.dll+0x21b621]
V  [jvm.dll+0x1a4fdd]
V  [jvm.dll+0x22b098]
V  [jvm.dll+0x229159]
V  [jvm.dll+0x7f81ec]
V  [jvm.dll+0x7f274a]
V  [jvm.dll+0x682ad5]
C  [ucrtbase.dll+0x29333]
C  [KERNEL32.DLL+0x1257d]
C  [ntdll.dll+0x5aa48]


---------------  P R O C E S S  ---------------

Threads class SMR info:
_java_thread_list=0x0000018fa9369230, length=185, elements={
0x0000018f856aaba0, 0x0000018fa2d72420, 0x0000018fa2d73290, 0x0000018fa5906140,
0x0000018fa5906a00, 0x0000018fa590bef0, 0x0000018fa59147e0, 0x0000018fa5921900,
0x0000018fa59229c0, 0x0000018fa592dee0, 0x0000018fa5a965c0, 0x0000018fa5ac20b0,
0x0000018fa6aec660, 0x0000018fa6a87e80, 0x0000018fa6a86670, 0x0000018fa6a84e60,
0x0000018fa6a85330, 0x0000018fa6a85800, 0x0000018fa6a861a0, 0x0000018fa6a88350,
0x0000018fa6a879b0, 0x0000018fa6a86b40, 0x0000018fa6a85cd0, 0x0000018fa6a87010,
0x0000018fa6a874e0, 0x0000018fa7f20880, 0x0000018fa7f203b0, 0x0000018fa7f1b1e0,
0x0000018fa7f19500, 0x0000018fa7f1b6b0, 0x0000018fa7f19030, 0x0000018fa7f199d0,
0x0000018fa7f1a370, 0x0000018fa7f1c050, 0x0000018fa7f1a840, 0x0000018fa7f1ad10,
0x0000018fa7f1dd30, 0x0000018fa7f1e200, 0x0000018fa7f1e6d0, 0x0000018fa7f1eba0,
0x0000018fa7f1f540, 0x0000018fa7f1fa10, 0x0000018faba45cd0, 0x0000018faba461a0,
0x0000018faba491c0, 0x0000018faba47010, 0x0000018faba43b20, 0x0000018faba46670,
0x0000018faba43650, 0x0000018faba474e0, 0x0000018faba4a030, 0x0000018faba479b0,
0x0000018faba48cf0, 0x0000018faba45330, 0x0000018faba48350, 0x0000018faba43ff0,
0x0000018faba49b60, 0x0000018faba49690, 0x0000018faba46b40, 0x0000018faba427e0,
0x0000018faba42cb0, 0x0000018faba47e80, 0x0000018faba45800, 0x0000018faba48820,
0x0000018faba43180, 0x0000018faba444c0, 0x0000018faba44990, 0x0000018faba44e60,
0x0000018fab9b18f0, 0x0000018fab9aaf10, 0x0000018fab9b05b0, 0x0000018fab9ac720,
0x0000018fab9af740, 0x0000018fab9b0a80, 0x0000018fab9aa0a0, 0x0000018fab9aa570,
0x0000018fab9b0f50, 0x0000018fab9ac250, 0x0000018fab9ab3e0, 0x0000018fab9afc10,
0x0000018fab9aaa40, 0x0000018fab9b00e0, 0x0000018fab9b1420, 0x0000018fab9ae400,
0x0000018fab9ad590, 0x0000018fab9acbf0, 0x0000018fab9ad0c0, 0x0000018fab9af270,
0x0000018fab9ab8b0, 0x0000018fab9ada60, 0x0000018fab9adf30, 0x0000018fab9ae8d0,
0x0000018fab9abd80, 0x0000018fab9aeda0, 0x0000018faa3ef650, 0x0000018faa3eecb0,
0x0000018faa3f04c0, 0x0000018faa3ed970, 0x0000018faa3eae20, 0x0000018faa3ede40,
0x0000018faa3f0990, 0x0000018faa3eb2f0, 0x0000018faa3efb20, 0x0000018faa3ec160,
0x0000018faa3ee310, 0x0000018faa3f21a0, 0x0000018faa3f1cd0, 0x0000018faa3ecb00,
0x0000018faa3ed4a0, 0x0000018faa3efff0, 0x0000018faa3ef180, 0x0000018faa3f0e60,
0x0000018faa3f2670, 0x0000018faa3f1800, 0x0000018faa3eb7c0, 0x0000018faa3f1330,
0x0000018faa3ebc90, 0x0000018faa3ec630, 0x0000018faa3ecfd0, 0x0000018faa3ee7e0,
0x0000018fac104750, 0x0000018fac103410, 0x0000018fac102f40, 0x0000018fac108f80,
0x0000018fac109df0, 0x0000018fac104c20, 0x0000018fac1038e0, 0x0000018fac103db0,
0x0000018fac104280, 0x0000018fac10a790, 0x0000018fac1050f0, 0x0000018fac1055c0,
0x0000018fac10a2c0, 0x0000018fac105a90, 0x0000018fac105f60, 0x0000018fac107770,
0x0000018fac108110, 0x0000018fac106430, 0x0000018fac106900, 0x0000018fac106dd0,
0x0000018fac1072a0, 0x0000018fac107c40, 0x0000018fac1085e0, 0x0000018fac109450,
0x0000018fac109920, 0x0000018fac184b30, 0x0000018fac187680, 0x0000018fac186ce0,
0x0000018fac188020, 0x0000018fac182980, 0x0000018fac184660, 0x0000018fac187b50,
0x0000018fac186340, 0x0000018fac185000, 0x0000018fac1889c0, 0x0000018fac189d00,
0x0000018fac186810, 0x0000018fac1871b0, 0x0000018fac185e70, 0x0000018fac1884f0,
0x0000018fac189360, 0x0000018fac1854d0, 0x0000018fac1837f0, 0x0000018fac1859a0,
0x0000018fac183320, 0x0000018fac189830, 0x0000018fac188e90, 0x0000018fac183cc0,
0x0000018fac184190, 0x0000018fa9831920, 0x0000018fa9834e10, 0x0000018fa9830ab0,
0x0000018fa9830f80, 0x0000018fa9833130, 0x0000018fa9836af0, 0x0000018fa98352e0,
0x0000018fa9834470, 0x0000018fa9833600, 0x0000018fa9833ad0, 0x0000018fa9833fa0,
0x0000018fa9834940, 0x0000018fa9835c80, 0x0000018fa9837960, 0x0000018fa9836150,
0x0000018fa9830110
}

Java Threads: ( => current thread )
  0x0000018f856aaba0 JavaThread "main" [_thread_blocked, id=2408, stack(0x00000004c0500000,0x00000004c0600000)]
  0x0000018fa2d72420 JavaThread "Reference Handler" daemon [_thread_blocked, id=21248, stack(0x00000004c0c00000,0x00000004c0d00000)]
  0x0000018fa2d73290 JavaThread "Finalizer" daemon [_thread_blocked, id=5340, stack(0x00000004c0d00000,0x00000004c0e00000)]
  0x0000018fa5906140 JavaThread "Signal Dispatcher" daemon [_thread_blocked, id=16440, stack(0x00000004c0e00000,0x00000004c0f00000)]
  0x0000018fa5906a00 JavaThread "Attach Listener" daemon [_thread_blocked, id=28212, stack(0x00000004c0f00000,0x00000004c1000000)]
  0x0000018fa590bef0 JavaThread "Service Thread" daemon [_thread_blocked, id=9680, stack(0x00000004c1000000,0x00000004c1100000)]
  0x0000018fa59147e0 JavaThread "Monitor Deflation Thread" daemon [_thread_blocked, id=26772, stack(0x00000004c1100000,0x00000004c1200000)]
  0x0000018fa5921900 JavaThread "C2 CompilerThread0" daemon [_thread_blocked, id=25216, stack(0x00000004c1200000,0x00000004c1300000)]
  0x0000018fa59229c0 JavaThread "C1 CompilerThread0" daemon [_thread_blocked, id=4292, stack(0x00000004c1300000,0x00000004c1400000)]
  0x0000018fa592dee0 JavaThread "Sweeper thread" daemon [_thread_blocked, id=19360, stack(0x00000004c1400000,0x00000004c1500000)]
  0x0000018fa5a965c0 JavaThread "Common-Cleaner" daemon [_thread_blocked, id=18420, stack(0x00000004c1500000,0x00000004c1600000)]
  0x0000018fa5ac20b0 JavaThread "Notification Thread" daemon [_thread_blocked, id=5180, stack(0x00000004c1600000,0x00000004c1700000)]
=>0x0000018fa6aec660 JavaThread "C2 CompilerThread1" daemon [_thread_in_native, id=15736, stack(0x00000004c1800000,0x00000004c1900000)]
  0x0000018fa6a87e80 JavaThread "Daemon health stats" [_thread_blocked, id=26324, stack(0x00000004c1f00000,0x00000004c2000000)]
  0x0000018fa6a86670 JavaThread "Incoming local TCP Connector on port 53237" [_thread_in_native, id=28804, stack(0x00000004c1900000,0x00000004c1a00000)]
  0x0000018fa6a84e60 JavaThread "Daemon periodic checks" [_thread_blocked, id=26924, stack(0x00000004c2000000,0x00000004c2100000)]
  0x0000018fa6a85330 JavaThread "Daemon" [_thread_blocked, id=25536, stack(0x00000004c2100000,0x00000004c2200000)]
  0x0000018fa6a85800 JavaThread "Handler for socket connection from /127.0.0.1:53237 to /127.0.0.1:53238" [_thread_in_native, id=15368, stack(0x00000004c2200000,0x00000004c2300000)]
  0x0000018fa6a861a0 JavaThread "Cancel handler" [_thread_blocked, id=1700, stack(0x00000004c2300000,0x00000004c2400000)]
  0x0000018fa6a88350 JavaThread "Daemon worker" [_thread_blocked, id=18760, stack(0x00000004c2400000,0x00000004c2500000)]
  0x0000018fa6a879b0 JavaThread "Asynchronous log dispatcher for DefaultDaemonConnection: socket connection from /127.0.0.1:53237 to /127.0.0.1:53238" [_thread_blocked, id=26752, stack(0x00000004c2500000,0x00000004c2600000)]
  0x0000018fa6a86b40 JavaThread "Stdin handler" [_thread_blocked, id=15976, stack(0x00000004c2600000,0x00000004c2700000)]
  0x0000018fa6a85cd0 JavaThread "Daemon client event forwarder" [_thread_blocked, id=16520, stack(0x00000004c2700000,0x00000004c2800000)]
  0x0000018fa6a87010 JavaThread "Cache worker for journal cache (C:\Users\lians\.gradle\caches\journal-1)" [_thread_blocked, id=3860, stack(0x00000004c2e00000,0x00000004c2f00000)]
  0x0000018fa6a874e0 JavaThread "File lock request listener" [_thread_in_native, id=20412, stack(0x00000004c2f00000,0x00000004c3000000)]
  0x0000018fa7f20880 JavaThread "Cache worker for file hash cache (C:\Users\lians\.gradle\caches\8.0\fileHashes)" [_thread_blocked, id=22588, stack(0x00000004c3000000,0x00000004c3100000)]
  0x0000018fa7f203b0 JavaThread "File watcher server" daemon [_thread_in_native, id=25616, stack(0x00000004c3200000,0x00000004c3300000)]
  0x0000018fa7f1b1e0 JavaThread "File watcher consumer" daemon [_thread_blocked, id=17372, stack(0x00000004c3300000,0x00000004c3400000)]
  0x0000018fa7f19500 JavaThread "Cache worker for checksums cache (C:\Lian Sin Chee\AA Study-TARC\Mobile\FungiVision\Image-Classification-App-with-Custom-TensorFlow-Model\.gradle\8.0\checksums)" [_thread_blocked, id=10456, stack(0x00000004c3400000,0x00000004c3500000)]
  0x0000018fa7f1b6b0 JavaThread "Cache worker for cache directory md-rule (C:\Users\lians\.gradle\caches\8.0\md-rule)" [_thread_blocked, id=4804, stack(0x00000004c3500000,0x00000004c3600000)]
  0x0000018fa7f19030 JavaThread "Cache worker for file content cache (C:\Users\lians\.gradle\caches\8.0\fileContent)" [_thread_blocked, id=30564, stack(0x00000004c3600000,0x00000004c3700000)]
  0x0000018fa7f199d0 JavaThread "Cache worker for file hash cache (C:\Lian Sin Chee\AA Study-TARC\Mobile\FungiVision\Image-Classification-App-with-Custom-TensorFlow-Model\.gradle\8.0\fileHashes)" [_thread_blocked, id=13912, stack(0x00000004c3700000,0x00000004c3800000)]
  0x0000018fa7f1a370 JavaThread "Cache worker for cache directory md-supplier (C:\Users\lians\.gradle\caches\8.0\md-supplier)" [_thread_blocked, id=12848, stack(0x00000004c3800000,0x00000004c3900000)]
  0x0000018fa7f1c050 JavaThread "Cache worker for execution history cache (C:\Users\lians\.gradle\caches\8.0\executionHistory)" [_thread_blocked, id=11588, stack(0x00000004c3900000,0x00000004c3a00000)]
  0x0000018fa7f1a840 JavaThread "jar transforms" [_thread_blocked, id=2884, stack(0x00000004c3a00000,0x00000004c3b00000)]
  0x0000018fa7f1ad10 JavaThread "jar transforms Thread 2" [_thread_blocked, id=1660, stack(0x00000004c3b00000,0x00000004c3c00000)]
  0x0000018fa7f1dd30 JavaThread "jar transforms Thread 3" [_thread_blocked, id=20560, stack(0x00000004c3c00000,0x00000004c3d00000)]
  0x0000018fa7f1e200 JavaThread "jar transforms Thread 4" [_thread_blocked, id=23872, stack(0x00000004c3d00000,0x00000004c3e00000)]
  0x0000018fa7f1e6d0 JavaThread "Cache worker for dependencies-accessors (C:\Lian Sin Chee\AA Study-TARC\Mobile\FungiVision\Image-Classification-App-with-Custom-TensorFlow-Model\.gradle\8.0\dependencies-accessors)" [_thread_blocked, id=16304, stack(0x00000004c3e00000,0x00000004c3f00000)]
  0x0000018fa7f1eba0 JavaThread "jar transforms Thread 5" [_thread_blocked, id=18372, stack(0x00000004c3f00000,0x00000004c4000000)]
  0x0000018fa7f1f540 JavaThread "Cache worker for Build Output Cleanup Cache (C:\Lian Sin Chee\AA Study-TARC\Mobile\FungiVision\Image-Classification-App-with-Custom-TensorFlow-Model\.gradle\buildOutputCleanup)" [_thread_blocked, id=11772, stack(0x00000004c4000000,0x00000004c4100000)]
  0x0000018fa7f1fa10 JavaThread "Unconstrained build operations" [_thread_blocked, id=29812, stack(0x00000004c4100000,0x00000004c4200000)]
  0x0000018faba45cd0 JavaThread "Unconstrained build operations Thread 2" [_thread_blocked, id=19088, stack(0x00000004c4200000,0x00000004c4300000)]
  0x0000018faba461a0 JavaThread "Unconstrained build operations Thread 3" [_thread_blocked, id=18016, stack(0x00000004c4300000,0x00000004c4400000)]
  0x0000018faba491c0 JavaThread "Unconstrained build operations Thread 4" [_thread_blocked, id=17988, stack(0x00000004c4400000,0x00000004c4500000)]
  0x0000018faba47010 JavaThread "Unconstrained build operations Thread 5" [_thread_blocked, id=28160, stack(0x00000004c4500000,0x00000004c4600000)]
  0x0000018faba43b20 JavaThread "Unconstrained build operations Thread 6" [_thread_blocked, id=27124, stack(0x00000004c4600000,0x00000004c4700000)]
  0x0000018faba46670 JavaThread "Unconstrained build operations Thread 7" [_thread_blocked, id=25524, stack(0x00000004c4700000,0x00000004c4800000)]
  0x0000018faba43650 JavaThread "Unconstrained build operations Thread 8" [_thread_blocked, id=18456, stack(0x00000004c4800000,0x00000004c4900000)]
  0x0000018faba474e0 JavaThread "Unconstrained build operations Thread 9" [_thread_blocked, id=6712, stack(0x00000004c4900000,0x00000004c4a00000)]
  0x0000018faba4a030 JavaThread "Unconstrained build operations Thread 10" [_thread_blocked, id=25904, stack(0x00000004c4a00000,0x00000004c4b00000)]
  0x0000018faba479b0 JavaThread "Unconstrained build operations Thread 11" [_thread_blocked, id=30380, stack(0x00000004c4b00000,0x00000004c4c00000)]
  0x0000018faba48cf0 JavaThread "Unconstrained build operations Thread 12" [_thread_blocked, id=8488, stack(0x00000004c4c00000,0x00000004c4d00000)]
  0x0000018faba45330 JavaThread "Unconstrained build operations Thread 13" [_thread_blocked, id=29920, stack(0x00000004c4d00000,0x00000004c4e00000)]
  0x0000018faba48350 JavaThread "Unconstrained build operations Thread 14" [_thread_blocked, id=18568, stack(0x00000004c4e00000,0x00000004c4f00000)]
  0x0000018faba43ff0 JavaThread "Unconstrained build operations Thread 15" [_thread_blocked, id=27300, stack(0x00000004c4f00000,0x00000004c5000000)]
  0x0000018faba49b60 JavaThread "Unconstrained build operations Thread 16" [_thread_blocked, id=30124, stack(0x00000004c5000000,0x00000004c5100000)]
  0x0000018faba49690 JavaThread "Unconstrained build operations Thread 17" [_thread_blocked, id=2652, stack(0x00000004c5100000,0x00000004c5200000)]
  0x0000018faba46b40 JavaThread "Unconstrained build operations Thread 18" [_thread_blocked, id=27276, stack(0x00000004c5200000,0x00000004c5300000)]
  0x0000018faba427e0 JavaThread "Unconstrained build operations Thread 19" [_thread_blocked, id=18264, stack(0x00000004c5300000,0x00000004c5400000)]
  0x0000018faba42cb0 JavaThread "Unconstrained build operations Thread 20" [_thread_blocked, id=15028, stack(0x00000004c5400000,0x00000004c5500000)]
  0x0000018faba47e80 JavaThread "Unconstrained build operations Thread 21" [_thread_blocked, id=25180, stack(0x00000004c5500000,0x00000004c5600000)]
  0x0000018faba45800 JavaThread "Unconstrained build operations Thread 22" [_thread_blocked, id=10624, stack(0x00000004c5600000,0x00000004c5700000)]
  0x0000018faba48820 JavaThread "Unconstrained build operations Thread 23" [_thread_blocked, id=14956, stack(0x00000004c5700000,0x00000004c5800000)]
  0x0000018faba43180 JavaThread "Unconstrained build operations Thread 24" [_thread_blocked, id=14656, stack(0x00000004c5800000,0x00000004c5900000)]
  0x0000018faba444c0 JavaThread "Unconstrained build operations Thread 25" [_thread_blocked, id=29236, stack(0x00000004c5900000,0x00000004c5a00000)]
  0x0000018faba44990 JavaThread "Unconstrained build operations Thread 26" [_thread_blocked, id=29396, stack(0x00000004c5a00000,0x00000004c5b00000)]
  0x0000018faba44e60 JavaThread "Unconstrained build operations Thread 27" [_thread_blocked, id=18412, stack(0x00000004c5b00000,0x00000004c5c00000)]
  0x0000018fab9b18f0 JavaThread "Unconstrained build operations Thread 28" [_thread_blocked, id=26604, stack(0x00000004c5c00000,0x00000004c5d00000)]
  0x0000018fab9aaf10 JavaThread "Unconstrained build operations Thread 29" [_thread_blocked, id=21540, stack(0x00000004c5d00000,0x00000004c5e00000)]
  0x0000018fab9b05b0 JavaThread "Unconstrained build operations Thread 30" [_thread_blocked, id=3604, stack(0x00000004c5e00000,0x00000004c5f00000)]
  0x0000018fab9ac720 JavaThread "Unconstrained build operations Thread 31" [_thread_blocked, id=31252, stack(0x00000004c5f00000,0x00000004c6000000)]
  0x0000018fab9af740 JavaThread "Unconstrained build operations Thread 32" [_thread_blocked, id=20000, stack(0x00000004c6000000,0x00000004c6100000)]
  0x0000018fab9b0a80 JavaThread "Unconstrained build operations Thread 33" [_thread_blocked, id=1688, stack(0x00000004c6100000,0x00000004c6200000)]
  0x0000018fab9aa0a0 JavaThread "Unconstrained build operations Thread 34" [_thread_blocked, id=24132, stack(0x00000004c6200000,0x00000004c6300000)]
  0x0000018fab9aa570 JavaThread "Unconstrained build operations Thread 35" [_thread_blocked, id=20556, stack(0x00000004c6300000,0x00000004c6400000)]
  0x0000018fab9b0f50 JavaThread "Unconstrained build operations Thread 36" [_thread_blocked, id=7036, stack(0x00000004c6400000,0x00000004c6500000)]
  0x0000018fab9ac250 JavaThread "Unconstrained build operations Thread 37" [_thread_blocked, id=1772, stack(0x00000004c6500000,0x00000004c6600000)]
  0x0000018fab9ab3e0 JavaThread "Unconstrained build operations Thread 38" [_thread_blocked, id=2476, stack(0x00000004c6600000,0x00000004c6700000)]
  0x0000018fab9afc10 JavaThread "Unconstrained build operations Thread 39" [_thread_blocked, id=17644, stack(0x00000004c6700000,0x00000004c6800000)]
  0x0000018fab9aaa40 JavaThread "Unconstrained build operations Thread 40" [_thread_blocked, id=30316, stack(0x00000004c6800000,0x00000004c6900000)]
  0x0000018fab9b00e0 JavaThread "Unconstrained build operations Thread 41" [_thread_blocked, id=31428, stack(0x00000004c6900000,0x00000004c6a00000)]
  0x0000018fab9b1420 JavaThread "Unconstrained build operations Thread 42" [_thread_blocked, id=5104, stack(0x00000004c6a00000,0x00000004c6b00000)]
  0x0000018fab9ae400 JavaThread "Unconstrained build operations Thread 43" [_thread_blocked, id=16964, stack(0x00000004c6b00000,0x00000004c6c00000)]
  0x0000018fab9ad590 JavaThread "Unconstrained build operations Thread 44" [_thread_blocked, id=24244, stack(0x00000004c6c00000,0x00000004c6d00000)]
  0x0000018fab9acbf0 JavaThread "Unconstrained build operations Thread 45" [_thread_blocked, id=30672, stack(0x00000004c6d00000,0x00000004c6e00000)]
  0x0000018fab9ad0c0 JavaThread "Unconstrained build operations Thread 46" [_thread_blocked, id=29908, stack(0x00000004c6e00000,0x00000004c6f00000)]
  0x0000018fab9af270 JavaThread "Unconstrained build operations Thread 47" [_thread_blocked, id=16628, stack(0x00000004c6f00000,0x00000004c7000000)]
  0x0000018fab9ab8b0 JavaThread "Unconstrained build operations Thread 48" [_thread_blocked, id=13060, stack(0x00000004c7000000,0x00000004c7100000)]
  0x0000018fab9ada60 JavaThread "Unconstrained build operations Thread 49" [_thread_blocked, id=2368, stack(0x00000004c7100000,0x00000004c7200000)]
  0x0000018fab9adf30 JavaThread "Unconstrained build operations Thread 50" [_thread_blocked, id=26164, stack(0x00000004c7200000,0x00000004c7300000)]
  0x0000018fab9ae8d0 JavaThread "Unconstrained build operations Thread 51" [_thread_blocked, id=5500, stack(0x00000004c7300000,0x00000004c7400000)]
  0x0000018fab9abd80 JavaThread "Unconstrained build operations Thread 52" [_thread_blocked, id=29152, stack(0x00000004c7400000,0x00000004c7500000)]
  0x0000018fab9aeda0 JavaThread "Unconstrained build operations Thread 53" [_thread_blocked, id=28260, stack(0x00000004c7500000,0x00000004c7600000)]
  0x0000018faa3ef650 JavaThread "Unconstrained build operations Thread 54" [_thread_blocked, id=24716, stack(0x00000004c7600000,0x00000004c7700000)]
  0x0000018faa3eecb0 JavaThread "Unconstrained build operations Thread 55" [_thread_blocked, id=29556, stack(0x00000004c7700000,0x00000004c7800000)]
  0x0000018faa3f04c0 JavaThread "Unconstrained build operations Thread 56" [_thread_blocked, id=15776, stack(0x00000004c7800000,0x00000004c7900000)]
  0x0000018faa3ed970 JavaThread "Unconstrained build operations Thread 57" [_thread_blocked, id=27816, stack(0x00000004c7900000,0x00000004c7a00000)]
  0x0000018faa3eae20 JavaThread "Unconstrained build operations Thread 58" [_thread_blocked, id=31404, stack(0x00000004c7a00000,0x00000004c7b00000)]
  0x0000018faa3ede40 JavaThread "Unconstrained build operations Thread 59" [_thread_blocked, id=16860, stack(0x00000004c7b00000,0x00000004c7c00000)]
  0x0000018faa3f0990 JavaThread "Unconstrained build operations Thread 60" [_thread_blocked, id=18856, stack(0x00000004c7c00000,0x00000004c7d00000)]
  0x0000018faa3eb2f0 JavaThread "Unconstrained build operations Thread 61" [_thread_blocked, id=16708, stack(0x00000004c7d00000,0x00000004c7e00000)]
  0x0000018faa3efb20 JavaThread "Unconstrained build operations Thread 62" [_thread_blocked, id=13372, stack(0x00000004c7e00000,0x00000004c7f00000)]
  0x0000018faa3ec160 JavaThread "Unconstrained build operations Thread 63" [_thread_blocked, id=12344, stack(0x00000004c7f00000,0x00000004c8000000)]
  0x0000018faa3ee310 JavaThread "Unconstrained build operations Thread 64" [_thread_blocked, id=30908, stack(0x00000004c8000000,0x00000004c8100000)]
  0x0000018faa3f21a0 JavaThread "Unconstrained build operations Thread 65" [_thread_blocked, id=30280, stack(0x00000004c8100000,0x00000004c8200000)]
  0x0000018faa3f1cd0 JavaThread "Unconstrained build operations Thread 66" [_thread_blocked, id=3192, stack(0x00000004c8200000,0x00000004c8300000)]
  0x0000018faa3ecb00 JavaThread "Unconstrained build operations Thread 67" [_thread_blocked, id=24348, stack(0x00000004c8300000,0x00000004c8400000)]
  0x0000018faa3ed4a0 JavaThread "Unconstrained build operations Thread 68" [_thread_blocked, id=27388, stack(0x00000004c8400000,0x00000004c8500000)]
  0x0000018faa3efff0 JavaThread "Unconstrained build operations Thread 69" [_thread_blocked, id=10628, stack(0x00000004c8500000,0x00000004c8600000)]
  0x0000018faa3ef180 JavaThread "Unconstrained build operations Thread 70" [_thread_blocked, id=23312, stack(0x00000004c8600000,0x00000004c8700000)]
  0x0000018faa3f0e60 JavaThread "Unconstrained build operations Thread 71" [_thread_blocked, id=11044, stack(0x00000004c8700000,0x00000004c8800000)]
  0x0000018faa3f2670 JavaThread "Unconstrained build operations Thread 72" [_thread_blocked, id=10756, stack(0x00000004c8800000,0x00000004c8900000)]
  0x0000018faa3f1800 JavaThread "Unconstrained build operations Thread 73" [_thread_blocked, id=3048, stack(0x00000004c8900000,0x00000004c8a00000)]
  0x0000018faa3eb7c0 JavaThread "Unconstrained build operations Thread 74" [_thread_blocked, id=16816, stack(0x00000004c8a00000,0x00000004c8b00000)]
  0x0000018faa3f1330 JavaThread "Unconstrained build operations Thread 75" [_thread_blocked, id=28840, stack(0x00000004c8b00000,0x00000004c8c00000)]
  0x0000018faa3ebc90 JavaThread "Unconstrained build operations Thread 76" [_thread_blocked, id=2036, stack(0x00000004c8c00000,0x00000004c8d00000)]
  0x0000018faa3ec630 JavaThread "Unconstrained build operations Thread 77" [_thread_blocked, id=30820, stack(0x00000004c8d00000,0x00000004c8e00000)]
  0x0000018faa3ecfd0 JavaThread "Unconstrained build operations Thread 78" [_thread_blocked, id=28120, stack(0x00000004c8e00000,0x00000004c8f00000)]
  0x0000018faa3ee7e0 JavaThread "Unconstrained build operations Thread 79" [_thread_blocked, id=384, stack(0x00000004c8f00000,0x00000004c9000000)]
  0x0000018fac104750 JavaThread "Unconstrained build operations Thread 80" [_thread_blocked, id=31460, stack(0x00000004c9000000,0x00000004c9100000)]
  0x0000018fac103410 JavaThread "Unconstrained build operations Thread 81" [_thread_blocked, id=31660, stack(0x00000004c9100000,0x00000004c9200000)]
  0x0000018fac102f40 JavaThread "Unconstrained build operations Thread 82" [_thread_blocked, id=30996, stack(0x00000004c9200000,0x00000004c9300000)]
  0x0000018fac108f80 JavaThread "Unconstrained build operations Thread 83" [_thread_blocked, id=21508, stack(0x00000004c9300000,0x00000004c9400000)]
  0x0000018fac109df0 JavaThread "Unconstrained build operations Thread 84" [_thread_blocked, id=2160, stack(0x00000004c9400000,0x00000004c9500000)]
  0x0000018fac104c20 JavaThread "Unconstrained build operations Thread 85" [_thread_blocked, id=5568, stack(0x00000004c9500000,0x00000004c9600000)]
  0x0000018fac1038e0 JavaThread "Unconstrained build operations Thread 86" [_thread_blocked, id=16168, stack(0x00000004c9600000,0x00000004c9700000)]
  0x0000018fac103db0 JavaThread "Unconstrained build operations Thread 87" [_thread_blocked, id=18612, stack(0x00000004c9700000,0x00000004c9800000)]
  0x0000018fac104280 JavaThread "Unconstrained build operations Thread 88" [_thread_blocked, id=29432, stack(0x00000004c9800000,0x00000004c9900000)]
  0x0000018fac10a790 JavaThread "Unconstrained build operations Thread 89" [_thread_blocked, id=24644, stack(0x00000004c9900000,0x00000004c9a00000)]
  0x0000018fac1050f0 JavaThread "Unconstrained build operations Thread 90" [_thread_blocked, id=9096, stack(0x00000004c9a00000,0x00000004c9b00000)]
  0x0000018fac1055c0 JavaThread "Unconstrained build operations Thread 91" [_thread_blocked, id=31652, stack(0x00000004c9b00000,0x00000004c9c00000)]
  0x0000018fac10a2c0 JavaThread "Unconstrained build operations Thread 92" [_thread_blocked, id=27028, stack(0x00000004c9c00000,0x00000004c9d00000)]
  0x0000018fac105a90 JavaThread "Unconstrained build operations Thread 93" [_thread_blocked, id=21496, stack(0x00000004c9d00000,0x00000004c9e00000)]
  0x0000018fac105f60 JavaThread "Unconstrained build operations Thread 94" [_thread_blocked, id=21196, stack(0x00000004c9e00000,0x00000004c9f00000)]
  0x0000018fac107770 JavaThread "Unconstrained build operations Thread 95" [_thread_blocked, id=27776, stack(0x00000004c9f00000,0x00000004ca000000)]
  0x0000018fac108110 JavaThread "Unconstrained build operations Thread 96" [_thread_blocked, id=3368, stack(0x00000004ca000000,0x00000004ca100000)]
  0x0000018fac106430 JavaThread "Unconstrained build operations Thread 97" [_thread_blocked, id=28728, stack(0x00000004ca100000,0x00000004ca200000)]
  0x0000018fac106900 JavaThread "Unconstrained build operations Thread 98" [_thread_blocked, id=28096, stack(0x00000004ca200000,0x00000004ca300000)]
  0x0000018fac106dd0 JavaThread "Unconstrained build operations Thread 99" [_thread_blocked, id=30044, stack(0x00000004ca300000,0x00000004ca400000)]
  0x0000018fac1072a0 JavaThread "Unconstrained build operations Thread 100" [_thread_blocked, id=13412, stack(0x00000004ca400000,0x00000004ca500000)]
  0x0000018fac107c40 JavaThread "Unconstrained build operations Thread 101" [_thread_blocked, id=27628, stack(0x00000004ca500000,0x00000004ca600000)]
  0x0000018fac1085e0 JavaThread "Unconstrained build operations Thread 102" [_thread_blocked, id=1572, stack(0x00000004ca600000,0x00000004ca700000)]
  0x0000018fac109450 JavaThread "Unconstrained build operations Thread 103" [_thread_blocked, id=24040, stack(0x00000004ca700000,0x00000004ca800000)]
  0x0000018fac109920 JavaThread "Unconstrained build operations Thread 104" [_thread_blocked, id=1744, stack(0x00000004ca800000,0x00000004ca900000)]
  0x0000018fac184b30 JavaThread "Unconstrained build operations Thread 105" [_thread_blocked, id=29564, stack(0x00000004ca900000,0x00000004caa00000)]
  0x0000018fac187680 JavaThread "Unconstrained build operations Thread 106" [_thread_blocked, id=332, stack(0x00000004caa00000,0x00000004cab00000)]
  0x0000018fac186ce0 JavaThread "Unconstrained build operations Thread 107" [_thread_blocked, id=30768, stack(0x00000004cab00000,0x00000004cac00000)]
  0x0000018fac188020 JavaThread "Unconstrained build operations Thread 108" [_thread_blocked, id=20736, stack(0x00000004cac00000,0x00000004cad00000)]
  0x0000018fac182980 JavaThread "Unconstrained build operations Thread 109" [_thread_blocked, id=28984, stack(0x00000004cad00000,0x00000004cae00000)]
  0x0000018fac184660 JavaThread "Unconstrained build operations Thread 110" [_thread_blocked, id=15872, stack(0x00000004cae00000,0x00000004caf00000)]
  0x0000018fac187b50 JavaThread "Unconstrained build operations Thread 111" [_thread_blocked, id=21856, stack(0x00000004caf00000,0x00000004cb000000)]
  0x0000018fac186340 JavaThread "Unconstrained build operations Thread 112" [_thread_blocked, id=17236, stack(0x00000004cb000000,0x00000004cb100000)]
  0x0000018fac185000 JavaThread "Unconstrained build operations Thread 113" [_thread_blocked, id=5172, stack(0x00000004cb100000,0x00000004cb200000)]
  0x0000018fac1889c0 JavaThread "Unconstrained build operations Thread 114" [_thread_blocked, id=22424, stack(0x00000004cb200000,0x00000004cb300000)]
  0x0000018fac189d00 JavaThread "Unconstrained build operations Thread 115" [_thread_blocked, id=26736, stack(0x00000004cb300000,0x00000004cb400000)]
  0x0000018fac186810 JavaThread "Unconstrained build operations Thread 116" [_thread_blocked, id=20324, stack(0x00000004cb400000,0x00000004cb500000)]
  0x0000018fac1871b0 JavaThread "Unconstrained build operations Thread 117" [_thread_blocked, id=12696, stack(0x00000004cb500000,0x00000004cb600000)]
  0x0000018fac185e70 JavaThread "Unconstrained build operations Thread 118" [_thread_blocked, id=8728, stack(0x00000004cb600000,0x00000004cb700000)]
  0x0000018fac1884f0 JavaThread "Unconstrained build operations Thread 119" [_thread_blocked, id=17468, stack(0x00000004cb700000,0x00000004cb800000)]
  0x0000018fac189360 JavaThread "Unconstrained build operations Thread 120" [_thread_blocked, id=24268, stack(0x00000004cb800000,0x00000004cb900000)]
  0x0000018fac1854d0 JavaThread "jar transforms Thread 6" [_thread_blocked, id=16572, stack(0x00000004cb900000,0x00000004cba00000)]
  0x0000018fac1837f0 JavaThread "jar transforms Thread 7" [_thread_blocked, id=3468, stack(0x00000004cba00000,0x00000004cbb00000)]
  0x0000018fac1859a0 JavaThread "jar transforms Thread 8" [_thread_blocked, id=3044, stack(0x00000004cbb00000,0x00000004cbc00000)]
  0x0000018fac183320 JavaThread "jar transforms Thread 9" [_thread_blocked, id=15008, stack(0x00000004cbc00000,0x00000004cbd00000)]
  0x0000018fac189830 JavaThread "jar transforms Thread 10" [_thread_blocked, id=27288, stack(0x00000004cbd00000,0x00000004cbe00000)]
  0x0000018fac188e90 JavaThread "jar transforms Thread 11" [_thread_blocked, id=12732, stack(0x00000004cbe00000,0x00000004cbf00000)]
  0x0000018fac183cc0 JavaThread "jar transforms Thread 12" [_thread_blocked, id=8624, stack(0x00000004cbf00000,0x00000004cc000000)]
  0x0000018fac184190 JavaThread "build event listener" [_thread_blocked, id=1812, stack(0x00000004c3100000,0x00000004c3200000)]
  0x0000018fa9831920 JavaThread "Memory manager" [_thread_blocked, id=1268, stack(0x00000004cc000000,0x00000004cc100000)]
  0x0000018fa9834e10 JavaThread "included builds" [_thread_in_native, id=7048, stack(0x00000004cc100000,0x00000004cc200000)]
  0x0000018fa9830ab0 JavaThread "Execution worker" [_thread_blocked, id=19480, stack(0x00000004cc200000,0x00000004cc300000)]
  0x0000018fa9830f80 JavaThread "Execution worker Thread 2" [_thread_blocked, id=21736, stack(0x00000004cc300000,0x00000004cc400000)]
  0x0000018fa9833130 JavaThread "Execution worker Thread 3" [_thread_blocked, id=8608, stack(0x00000004cc400000,0x00000004cc500000)]
  0x0000018fa9836af0 JavaThread "Execution worker Thread 4" [_thread_blocked, id=4328, stack(0x00000004cc500000,0x00000004cc600000)]
  0x0000018fa98352e0 JavaThread "Execution worker Thread 5" [_thread_blocked, id=17956, stack(0x00000004cc600000,0x00000004cc700000)]
  0x0000018fa9834470 JavaThread "Execution worker Thread 6" [_thread_blocked, id=11288, stack(0x00000004cc700000,0x00000004cc800000)]
  0x0000018fa9833600 JavaThread "Execution worker Thread 7" [_thread_blocked, id=3628, stack(0x00000004cc800000,0x00000004cc900000)]
  0x0000018fa9833ad0 JavaThread "Execution worker Thread 8" [_thread_blocked, id=29056, stack(0x00000004cc900000,0x00000004cca00000)]
  0x0000018fa9833fa0 JavaThread "Execution worker Thread 9" [_thread_blocked, id=13044, stack(0x00000004cca00000,0x00000004ccb00000)]
  0x0000018fa9834940 JavaThread "Execution worker Thread 10" [_thread_blocked, id=31656, stack(0x00000004ccb00000,0x00000004ccc00000)]
  0x0000018fa9835c80 JavaThread "Execution worker Thread 11" [_thread_blocked, id=27228, stack(0x00000004ccc00000,0x00000004ccd00000)]
  0x0000018fa9837960 JavaThread "Cache worker for execution history cache (C:\Lian Sin Chee\AA Study-TARC\Mobile\FungiVision\Image-Classification-App-with-Custom-TensorFlow-Model\.gradle\8.0\executionHistory)" [_thread_blocked, id=15480, stack(0x00000004ccd00000,0x00000004cce00000)]
  0x0000018fa9836150 JavaThread "WorkerExecutor Queue" [_thread_blocked, id=22632, stack(0x00000004cce00000,0x00000004ccf00000)]
  0x0000018fa9830110 JavaThread "WorkerExecutor Queue Thread 2" [_thread_blocked, id=28732, stack(0x00000004ccf00000,0x00000004cd000000)]

Other Threads:
  0x0000018fa2d85ca0 VMThread "VM Thread" [stack: 0x00000004c0b00000,0x00000004c0c00000] [id=30544]
  0x0000018f85732640 WatcherThread [stack: 0x00000004c1700000,0x00000004c1800000] [id=6440]
  0x0000018f8571aa90 GCTaskThread "GC Thread#0" [stack: 0x00000004c0600000,0x00000004c0700000] [id=31628]
  0x0000018fa7512120 GCTaskThread "GC Thread#1" [stack: 0x00000004c1a00000,0x00000004c1b00000] [id=14732]
  0x0000018fa6ff5780 GCTaskThread "GC Thread#2" [stack: 0x00000004c1b00000,0x00000004c1c00000] [id=30080]
  0x0000018fa7658830 GCTaskThread "GC Thread#3" [stack: 0x00000004c1c00000,0x00000004c1d00000] [id=27532]
  0x0000018fa71f0dd0 GCTaskThread "GC Thread#4" [stack: 0x00000004c1d00000,0x00000004c1e00000] [id=9520]
  0x0000018fa6931000 GCTaskThread "GC Thread#5" [stack: 0x00000004c1e00000,0x00000004c1f00000] [id=5872]
  0x0000018fa930b570 GCTaskThread "GC Thread#6" [stack: 0x00000004c2800000,0x00000004c2900000] [id=13072]
  0x0000018fa7b9a620 GCTaskThread "GC Thread#7" [stack: 0x00000004c2900000,0x00000004c2a00000] [id=30228]
  0x0000018fa92c6f20 GCTaskThread "GC Thread#8" [stack: 0x00000004c2a00000,0x00000004c2b00000] [id=24460]
  0x0000018fa8d03470 GCTaskThread "GC Thread#9" [stack: 0x00000004c2b00000,0x00000004c2c00000] [id=15216]
  0x0000018f85722710 ConcurrentGCThread "G1 Main Marker" [stack: 0x00000004c0700000,0x00000004c0800000] [id=14540]
  0x0000018f85723d00 ConcurrentGCThread "G1 Conc#0" [stack: 0x00000004c0800000,0x00000004c0900000] [id=11624]
  0x0000018fa8aad880 ConcurrentGCThread "G1 Conc#1" [stack: 0x00000004c2c00000,0x00000004c2d00000] [id=22612]
  0x0000018fa921db90 ConcurrentGCThread "G1 Conc#2" [stack: 0x00000004c2d00000,0x00000004c2e00000] [id=4004]
  0x0000018fa2c69850 ConcurrentGCThread "G1 Refine#0" [stack: 0x00000004c0900000,0x00000004c0a00000] [id=6312]
  0x0000018fa2c6a270 ConcurrentGCThread "G1 Service" [stack: 0x00000004c0a00000,0x00000004c0b00000] [id=27864]

Threads with active compile tasks:
C2 CompilerThread1    12216 9441       4       java.lang.String::split (327 bytes)

VM state: not at safepoint (normal execution)

VM Mutex/Monitor currently owned by a thread: None

Heap address: 0x00000006e0000000, size: 4608 MB, Compressed Oops mode: Zero based, Oop shift amount: 3

CDS archive(s) not mapped
Compressed class space mapped at: 0x0000000800000000-0x0000000840000000, reserved size: 1073741824
Narrow klass base: 0x0000000800000000, Narrow klass shift: 0, Narrow klass range: 0x40000000

GC Precious Log:
 CPUs: 12 total, 12 available
 Memory: 16085M
 Large Page Support: Disabled
 NUMA Support: Disabled
 Compressed Oops: Enabled (Zero based)
 Heap Region Size: 4M
 Heap Min Capacity: 8M
 Heap Initial Capacity: 252M
 Heap Max Capacity: 4608M
 Pre-touch: Disabled
 Parallel Workers: 10
 Concurrent Workers: 3
 Concurrent Refinement Workers: 10
 Periodic GC: Disabled

Heap:
 garbage-first heap   total 204800K, used 198898K [0x00000006e0000000, 0x0000000800000000)
  region size 4096K, 2 young (8192K), 1 survivors (4096K)
 Metaspace       used 92289K, committed 92928K, reserved 1130496K
  class space    used 12628K, committed 12928K, reserved 1048576K

Heap Regions: E=young(eden), S=young(survivor), O=old, HS=humongous(starts), HC=humongous(continues), CS=collection set, F=free, OA=open archive, CA=closed archive, TAMS=top-at-mark-start (previous, next)
|   0|0x00000006e0000000, 0x00000006e0400000, 0x00000006e0400000|100%|HS|  |TAMS 0x00000006e0400000, 0x00000006e0400000| Complete 
|   1|0x00000006e0400000, 0x00000006e0800000, 0x00000006e0800000|100%| O|  |TAMS 0x00000006e0800000, 0x00000006e0800000| Untracked 
|   2|0x00000006e0800000, 0x00000006e0c00000, 0x00000006e0c00000|100%| O|  |TAMS 0x00000006e0c00000, 0x00000006e0c00000| Untracked 
|   3|0x00000006e0c00000, 0x00000006e1000000, 0x00000006e1000000|100%| O|  |TAMS 0x00000006e1000000, 0x00000006e1000000| Untracked 
|   4|0x00000006e1000000, 0x00000006e1400000, 0x00000006e1400000|100%| O|  |TAMS 0x00000006e1400000, 0x00000006e1400000| Untracked 
|   5|0x00000006e1400000, 0x00000006e17f3000, 0x00000006e1800000| 98%| O|  |TAMS 0x00000006e17f3000, 0x00000006e17f3000| Untracked 
|   6|0x00000006e1800000, 0x00000006e1c00000, 0x00000006e1c00000|100%| O|  |TAMS 0x00000006e1c00000, 0x00000006e1c00000| Untracked 
|   7|0x00000006e1c00000, 0x00000006e2000000, 0x00000006e2000000|100%| O|  |TAMS 0x00000006e2000000, 0x00000006e2000000| Untracked 
|   8|0x00000006e2000000, 0x00000006e2400000, 0x00000006e2400000|100%|HS|  |TAMS 0x00000006e2400000, 0x00000006e2400000| Complete 
|   9|0x00000006e2400000, 0x00000006e2800000, 0x00000006e2800000|100%| O|  |TAMS 0x00000006e2800000, 0x00000006e2800000| Untracked 
|  10|0x00000006e2800000, 0x00000006e2c00000, 0x00000006e2c00000|100%| O|  |TAMS 0x00000006e2c00000, 0x00000006e2c00000| Untracked 
|  11|0x00000006e2c00000, 0x00000006e3000000, 0x00000006e3000000|100%| O|  |TAMS 0x00000006e3000000, 0x00000006e3000000| Untracked 
|  12|0x00000006e3000000, 0x00000006e3400000, 0x00000006e3400000|100%| O|  |TAMS 0x00000006e3400000, 0x00000006e3400000| Untracked 
|  13|0x00000006e3400000, 0x00000006e3800000, 0x00000006e3800000|100%| O|  |TAMS 0x00000006e3800000, 0x00000006e3800000| Untracked 
|  14|0x00000006e3800000, 0x00000006e3c00000, 0x00000006e3c00000|100%| O|  |TAMS 0x00000006e3c00000, 0x00000006e3c00000| Untracked 
|  15|0x00000006e3c00000, 0x00000006e4000000, 0x00000006e4000000|100%| O|  |TAMS 0x00000006e4000000, 0x00000006e4000000| Untracked 
|  16|0x00000006e4000000, 0x00000006e4400000, 0x00000006e4400000|100%| O|  |TAMS 0x00000006e4400000, 0x00000006e4400000| Untracked 
|  17|0x00000006e4400000, 0x00000006e4800000, 0x00000006e4800000|100%| O|  |TAMS 0x00000006e4800000, 0x00000006e4800000| Untracked 
|  18|0x00000006e4800000, 0x00000006e4c00000, 0x00000006e4c00000|100%| O|  |TAMS 0x00000006e4c00000, 0x00000006e4c00000| Untracked 
|  19|0x00000006e4c00000, 0x00000006e5000000, 0x00000006e5000000|100%| O|  |TAMS 0x00000006e5000000, 0x00000006e5000000| Untracked 
|  20|0x00000006e5000000, 0x00000006e52f8a00, 0x00000006e5400000| 74%| O|  |TAMS 0x00000006e52f8a00, 0x00000006e52f8a00| Untracked 
|  21|0x00000006e5400000, 0x00000006e5800000, 0x00000006e5800000|100%|HS|  |TAMS 0x00000006e5400000, 0x00000006e5400000| Complete 
|  22|0x00000006e5800000, 0x00000006e5c00000, 0x00000006e5c00000|100%|HC|  |TAMS 0x00000006e5800000, 0x00000006e5800000| Complete 
|  23|0x00000006e5c00000, 0x00000006e6000000, 0x00000006e6000000|100%|HC|  |TAMS 0x00000006e5c00000, 0x00000006e5c00000| Complete 
|  24|0x00000006e6000000, 0x00000006e6400000, 0x00000006e6400000|100%|HC|  |TAMS 0x00000006e6000000, 0x00000006e6000000| Complete 
|  25|0x00000006e6400000, 0x00000006e6800000, 0x00000006e6800000|100%|HC|  |TAMS 0x00000006e6400000, 0x00000006e6400000| Complete 
|  26|0x00000006e6800000, 0x00000006e6c00000, 0x00000006e6c00000|100%|HC|  |TAMS 0x00000006e6800000, 0x00000006e6800000| Complete 
|  27|0x00000006e6c00000, 0x00000006e7000000, 0x00000006e7000000|100%|HC|  |TAMS 0x00000006e6c00000, 0x00000006e6c00000| Complete 
|  28|0x00000006e7000000, 0x00000006e7400000, 0x00000006e7400000|100%|HC|  |TAMS 0x00000006e7000000, 0x00000006e7000000| Complete 
|  29|0x00000006e7400000, 0x00000006e7800000, 0x00000006e7800000|100%|HC|  |TAMS 0x00000006e7400000, 0x00000006e7400000| Complete 
|  30|0x00000006e7800000, 0x00000006e7c00000, 0x00000006e7c00000|100%|HC|  |TAMS 0x00000006e7800000, 0x00000006e7800000| Complete 
|  31|0x00000006e7c00000, 0x00000006e8000000, 0x00000006e8000000|100%|HC|  |TAMS 0x00000006e7c00000, 0x00000006e7c00000| Complete 
|  32|0x00000006e8000000, 0x00000006e8400000, 0x00000006e8400000|100%|HC|  |TAMS 0x00000006e8000000, 0x00000006e8000000| Complete 
|  33|0x00000006e8400000, 0x00000006e8800000, 0x00000006e8800000|100%|HC|  |TAMS 0x00000006e8400000, 0x00000006e8400000| Complete 
|  34|0x00000006e8800000, 0x00000006e8c00000, 0x00000006e8c00000|100%|HC|  |TAMS 0x00000006e8800000, 0x00000006e8800000| Complete 
|  35|0x00000006e8c00000, 0x00000006e9000000, 0x00000006e9000000|100%|HC|  |TAMS 0x00000006e8c00000, 0x00000006e8c00000| Complete 
|  36|0x00000006e9000000, 0x00000006e9400000, 0x00000006e9400000|100%|HC|  |TAMS 0x00000006e9000000, 0x00000006e9000000| Complete 
|  37|0x00000006e9400000, 0x00000006e9800000, 0x00000006e9800000|100%|HC|  |TAMS 0x00000006e9400000, 0x00000006e9400000| Complete 
|  38|0x00000006e9800000, 0x00000006e9c00000, 0x00000006e9c00000|100%|HC|  |TAMS 0x00000006e9800000, 0x00000006e9800000| Complete 
|  39|0x00000006e9c00000, 0x00000006ea000000, 0x00000006ea000000|100%|HC|  |TAMS 0x00000006e9c00000, 0x00000006e9c00000| Complete 
|  40|0x00000006ea000000, 0x00000006ea400000, 0x00000006ea400000|100%|HC|  |TAMS 0x00000006ea000000, 0x00000006ea000000| Complete 
|  41|0x00000006ea400000, 0x00000006ea800000, 0x00000006ea800000|100%|HC|  |TAMS 0x00000006ea400000, 0x00000006ea400000| Complete 
|  42|0x00000006ea800000, 0x00000006eac00000, 0x00000006eac00000|100%|HC|  |TAMS 0x00000006ea800000, 0x00000006ea800000| Complete 
|  43|0x00000006eac00000, 0x00000006eb000000, 0x00000006eb000000|100%|HC|  |TAMS 0x00000006eac00000, 0x00000006eac00000| Complete 
|  44|0x00000006eb000000, 0x00000006eb400000, 0x00000006eb400000|100%|HC|  |TAMS 0x00000006eb000000, 0x00000006eb000000| Complete 
|  45|0x00000006eb400000, 0x00000006eb800000, 0x00000006eb800000|100%|HC|  |TAMS 0x00000006eb400000, 0x00000006eb400000| Complete 
|  46|0x00000006eb800000, 0x00000006ebc00000, 0x00000006ebc00000|100%|HC|  |TAMS 0x00000006eb800000, 0x00000006eb800000| Complete 
|  47|0x00000006ebc00000, 0x00000006ec000000, 0x00000006ec000000|100%|HC|  |TAMS 0x00000006ebc00000, 0x00000006ebc00000| Complete 
|  48|0x00000006ec000000, 0x00000006ec053978, 0x00000006ec400000|  8%| E|  |TAMS 0x00000006ec000000, 0x00000006ec000000| Complete 
|  62|0x00000006ef800000, 0x00000006efb511d0, 0x00000006efc00000| 82%| S|CS|TAMS 0x00000006ef800000, 0x00000006ef800000| Complete 

Card table byte_map: [0x0000018f98990000,0x0000018f99290000] _byte_map_base: 0x0000018f95290000

Marking Bits (Prev, Next): (CMBitMap*) 0x0000018f8571b0e0, (CMBitMap*) 0x0000018f8571b0a0
 Prev Bits: [0x0000018f9e390000, 0x0000018fa2b90000)
 Next Bits: [0x0000018f99b90000, 0x0000018f9e390000)

Polling page: 0x0000018f84e40000

Metaspace:

Usage:
  Non-class:     77.79 MB used.
      Class:     12.33 MB used.
       Both:     90.13 MB used.

Virtual space:
  Non-class space:       80.00 MB reserved,      78.12 MB ( 98%) committed,  10 nodes.
      Class space:        1.00 GB reserved,      12.62 MB (  1%) committed,  1 nodes.
             Both:        1.08 GB reserved,      90.75 MB (  8%) committed. 

Chunk freelists:
   Non-Class:  1.28 MB
       Class:  3.34 MB
        Both:  4.62 MB

MaxMetaspaceSize: unlimited
CompressedClassSpaceSize: 1.00 GB
Initial GC threshold: 21.00 MB
Current GC threshold: 150.00 MB
CDS: off
MetaspaceReclaimPolicy: balanced
 - commit_granule_bytes: 65536.
 - commit_granule_words: 8192.
 - virtual_space_node_default_size: 1048576.
 - enlarge_chunks_in_place: 1.
 - new_chunks_are_fully_committed: 0.
 - uncommit_free_chunks: 1.
 - use_allocation_guard: 0.
 - handle_deallocations: 1.


Internal statistics:

num_allocs_failed_limit: 6.
num_arena_births: 886.
num_arena_deaths: 0.
num_vsnodes_births: 11.
num_vsnodes_deaths: 0.
num_space_committed: 1451.
num_space_uncommitted: 0.
num_chunks_returned_to_freelist: 6.
num_chunks_taken_from_freelist: 4269.
num_chunk_merges: 6.
num_chunk_splits: 2811.
num_chunks_enlarged: 1878.
num_purges: 0.
num_inconsistent_stats: 0.

CodeHeap 'non-profiled nmethods': size=120000Kb used=5188Kb max_used=5599Kb free=114811Kb
 bounds [0x0000018f90610000, 0x0000018f90b90000, 0x0000018f97b40000]
CodeHeap 'profiled nmethods': size=120000Kb used=15411Kb max_used=17273Kb free=104589Kb
 bounds [0x0000018f88b40000, 0x0000018f89c30000, 0x0000018f90070000]
CodeHeap 'non-nmethods': size=5760Kb used=2383Kb max_used=2438Kb free=3376Kb
 bounds [0x0000018f90070000, 0x0000018f902e0000, 0x0000018f90610000]
 total_blobs=8898 nmethods=7985 adapters=825
 compilation: enabled
              stopped_count=0, restarted_count=0
 full_count=0

Compilation events (20 events):
Event: 12.087 Thread 0x0000018fa59229c0 nmethod 9465 0x0000018f89299d90 code [0x0000018f89299f40, 0x0000018f8929a158]
Event: 12.088 Thread 0x0000018fa59229c0 9466       3       com.squareup.javapoet.ClassName::simpleName (24 bytes)
Event: 12.088 Thread 0x0000018fa59229c0 nmethod 9466 0x0000018f8910fd90 code [0x0000018f8910ff40, 0x0000018f891102d8]
Event: 12.088 Thread 0x0000018fa59229c0 9467       3       com.squareup.javapoet.Util::checkNotNull (19 bytes)
Event: 12.089 Thread 0x0000018fa59229c0 nmethod 9467 0x0000018f88d73990 code [0x0000018f88d73be0, 0x0000018f88d74518]
Event: 12.089 Thread 0x0000018fa59229c0 9468       3       com.squareup.javapoet.Util::join (77 bytes)
Event: 12.089 Thread 0x0000018fa59229c0 nmethod 9468 0x0000018f88e32090 code [0x0000018f88e32320, 0x0000018f88e32f58]
Event: 12.089 Thread 0x0000018fa59229c0 9469       3       java.util.Collections$UnmodifiableRandomAccessList::subList (19 bytes)
Event: 12.089 Thread 0x0000018fa59229c0 nmethod 9469 0x0000018f89225c90 code [0x0000018f89225e80, 0x0000018f89226438]
Event: 12.136 Thread 0x0000018fa5921900 nmethod 9436 0x0000018f9077cc90 code [0x0000018f9077d0e0, 0x0000018f90781ca8]
Event: 12.136 Thread 0x0000018fa5921900 9451       4       java.util.HashMap::put (13 bytes)
Event: 12.146 Thread 0x0000018fa5921900 nmethod 9451 0x0000018f9065fa10 code [0x0000018f9065fbe0, 0x0000018f90660430]
Event: 12.146 Thread 0x0000018fa5921900 9457       4       java.util.Objects::equals (23 bytes)
Event: 12.147 Thread 0x0000018fa5921900 nmethod 9457 0x0000018f90664390 code [0x0000018f90664500, 0x0000018f90664598]
Event: 12.147 Thread 0x0000018fa5921900 9458       4       java.lang.String::valueOf (15 bytes)
Event: 12.147 Thread 0x0000018fa5921900 nmethod 9458 0x0000018f90664090 code [0x0000018f90664200, 0x0000018f90664298]
Event: 12.147 Thread 0x0000018fa5921900 9446       4       java.util.ArrayList$SubList::checkForComodification (23 bytes)
Event: 12.148 Thread 0x0000018fa5921900 nmethod 9446 0x0000018f90663d90 code [0x0000018f90663f00, 0x0000018f90663fb8]
Event: 12.148 Thread 0x0000018fa5921900 9447       4       java.util.ArrayList::subList (20 bytes)
Event: 12.149 Thread 0x0000018fa5921900 nmethod 9447 0x0000018f906b3810 code [0x0000018f906b39a0, 0x0000018f906b3af8]

GC Heap History (20 events):
Event: 9.396 GC heap before
{Heap before GC invocations=29 (full 0):
 garbage-first heap   total 131072K, used 95159K [0x00000006e0000000, 0x0000000800000000)
  region size 4096K, 7 young (28672K), 1 survivors (4096K)
 Metaspace       used 78055K, committed 78592K, reserved 1122304K
  class space    used 10574K, committed 10816K, reserved 1048576K
}
Event: 9.399 GC heap after
{Heap after GC invocations=30 (full 0):
 garbage-first heap   total 131072K, used 72025K [0x00000006e0000000, 0x0000000800000000)
  region size 4096K, 1 young (4096K), 1 survivors (4096K)
 Metaspace       used 78055K, committed 78592K, reserved 1122304K
  class space    used 10574K, committed 10816K, reserved 1048576K
}
Event: 9.917 GC heap before
{Heap before GC invocations=30 (full 0):
 garbage-first heap   total 131072K, used 100697K [0x00000006e0000000, 0x0000000800000000)
  region size 4096K, 8 young (32768K), 1 survivors (4096K)
 Metaspace       used 80507K, committed 81024K, reserved 1122304K
  class space    used 10911K, committed 11136K, reserved 1048576K
}
Event: 9.921 GC heap after
{Heap after GC invocations=31 (full 0):
 garbage-first heap   total 131072K, used 74491K [0x00000006e0000000, 0x0000000800000000)
  region size 4096K, 1 young (4096K), 1 survivors (4096K)
 Metaspace       used 80507K, committed 81024K, reserved 1122304K
  class space    used 10911K, committed 11136K, reserved 1048576K
}
Event: 10.347 GC heap before
{Heap before GC invocations=32 (full 0):
 garbage-first heap   total 139264K, used 99067K [0x00000006e0000000, 0x0000000800000000)
  region size 4096K, 8 young (32768K), 1 survivors (4096K)
 Metaspace       used 85065K, committed 85568K, reserved 1130496K
  class space    used 11571K, committed 11776K, reserved 1048576K
}
Event: 10.350 GC heap after
{Heap after GC invocations=33 (full 0):
 garbage-first heap   total 139264K, used 76472K [0x00000006e0000000, 0x0000000800000000)
  region size 4096K, 1 young (4096K), 1 survivors (4096K)
 Metaspace       used 85065K, committed 85568K, reserved 1130496K
  class space    used 11571K, committed 11776K, reserved 1048576K
}
Event: 10.678 GC heap before
{Heap before GC invocations=33 (full 0):
 garbage-first heap   total 139264K, used 109240K [0x00000006e0000000, 0x0000000800000000)
  region size 4096K, 9 young (36864K), 1 survivors (4096K)
 Metaspace       used 86860K, committed 87360K, reserved 1130496K
  class space    used 11821K, committed 12032K, reserved 1048576K
}
Event: 10.680 GC heap after
{Heap after GC invocations=34 (full 0):
 garbage-first heap   total 139264K, used 80079K [0x00000006e0000000, 0x0000000800000000)
  region size 4096K, 2 young (8192K), 2 survivors (8192K)
 Metaspace       used 86860K, committed 87360K, reserved 1130496K
  class space    used 11821K, committed 12032K, reserved 1048576K
}
Event: 10.908 GC heap before
{Heap before GC invocations=35 (full 0):
 garbage-first heap   total 151552K, used 108751K [0x00000006e0000000, 0x0000000800000000)
  region size 4096K, 9 young (36864K), 2 survivors (8192K)
 Metaspace       used 86957K, committed 87552K, reserved 1130496K
  class space    used 11830K, committed 12096K, reserved 1048576K
}
Event: 10.912 GC heap after
{Heap after GC invocations=36 (full 0):
 garbage-first heap   total 151552K, used 84749K [0x00000006e0000000, 0x0000000800000000)
  region size 4096K, 2 young (8192K), 2 survivors (8192K)
 Metaspace       used 86957K, committed 87552K, reserved 1130496K
  class space    used 11830K, committed 12096K, reserved 1048576K
}
Event: 11.797 GC heap before
{Heap before GC invocations=36 (full 0):
 garbage-first heap   total 151552K, used 113421K [0x00000006e0000000, 0x0000000800000000)
  region size 4096K, 10 young (40960K), 2 survivors (8192K)
 Metaspace       used 91088K, committed 91776K, reserved 1130496K
  class space    used 12477K, committed 12800K, reserved 1048576K
}
Event: 11.801 GC heap after
{Heap after GC invocations=37 (full 0):
 garbage-first heap   total 151552K, used 88471K [0x00000006e0000000, 0x0000000800000000)
  region size 4096K, 1 young (4096K), 1 survivors (4096K)
 Metaspace       used 91088K, committed 91776K, reserved 1130496K
  class space    used 12477K, committed 12800K, reserved 1048576K
}
Event: 11.909 GC heap before
{Heap before GC invocations=38 (full 0):
 garbage-first heap   total 159744K, used 92567K [0x00000006e0000000, 0x0000000800000000)
  region size 4096K, 3 young (12288K), 1 survivors (4096K)
 Metaspace       used 91509K, committed 92160K, reserved 1130496K
  class space    used 12555K, committed 12864K, reserved 1048576K
}
Event: 11.911 GC heap after
{Heap after GC invocations=39 (full 0):
 garbage-first heap   total 159744K, used 88145K [0x00000006e0000000, 0x0000000800000000)
  region size 4096K, 1 young (4096K), 1 survivors (4096K)
 Metaspace       used 91509K, committed 92160K, reserved 1130496K
  class space    used 12555K, committed 12864K, reserved 1048576K
}
Event: 12.055 GC heap before
{Heap before GC invocations=40 (full 0):
 garbage-first heap   total 204800K, used 120913K [0x00000006e0000000, 0x0000000800000000)
  region size 4096K, 3 young (12288K), 1 survivors (4096K)
 Metaspace       used 92285K, committed 92928K, reserved 1130496K
  class space    used 12628K, committed 12928K, reserved 1048576K
}
Event: 12.057 GC heap after
{Heap after GC invocations=41 (full 0):
 garbage-first heap   total 204800K, used 88303K [0x00000006e0000000, 0x0000000800000000)
  region size 4096K, 1 young (4096K), 1 survivors (4096K)
 Metaspace       used 92285K, committed 92928K, reserved 1130496K
  class space    used 12628K, committed 12928K, reserved 1048576K
}
Event: 12.090 GC heap before
{Heap before GC invocations=41 (full 0):
 garbage-first heap   total 204800K, used 108783K [0x00000006e0000000, 0x0000000800000000)
  region size 4096K, 2 young (8192K), 1 survivors (4096K)
 Metaspace       used 92289K, committed 92928K, reserved 1130496K
  class space    used 12628K, committed 12928K, reserved 1048576K
}
Event: 12.093 GC heap after
{Heap after GC invocations=42 (full 0):
 garbage-first heap   total 204800K, used 88281K [0x00000006e0000000, 0x0000000800000000)
  region size 4096K, 1 young (4096K), 1 survivors (4096K)
 Metaspace       used 92289K, committed 92928K, reserved 1130496K
  class space    used 12628K, committed 12928K, reserved 1048576K
}
Event: 12.128 GC heap before
{Heap before GC invocations=42 (full 0):
 garbage-first heap   total 204800K, used 198873K [0x00000006e0000000, 0x0000000800000000)
  region size 4096K, 1 young (4096K), 1 survivors (4096K)
 Metaspace       used 92289K, committed 92928K, reserved 1130496K
  class space    used 12628K, committed 12928K, reserved 1048576K
}
Event: 12.130 GC heap after
{Heap after GC invocations=43 (full 0):
 garbage-first heap   total 204800K, used 198898K [0x00000006e0000000, 0x0000000800000000)
  region size 4096K, 1 young (4096K), 1 survivors (4096K)
 Metaspace       used 92289K, committed 92928K, reserved 1130496K
  class space    used 12628K, committed 12928K, reserved 1048576K
}

Dll operation events (2 events):
Event: 0.008 Loaded shared library C:\Program Files\Android\Android Studio\jbr\bin\java.dll
Event: 0.441 Loaded shared library C:\Program Files\Android\Android Studio\jbr\bin\verify.dll

Deoptimization events (20 events):
Event: 11.834 Thread 0x0000018fa9836150 Uncommon trap: trap_request=0xffffffc6 fr.pc=0x0000018f90ac8bb4 relative=0x00000000000009b4
Event: 11.834 Thread 0x0000018fa9836150 Uncommon trap: reason=bimorphic_or_optimized_type_check action=maybe_recompile pc=0x0000018f90ac8bb4 method=com.google.common.collect.AbstractMapBasedMultimap$WrappedCollection.refreshIfEmpty()V @ 59 c2
Event: 11.834 Thread 0x0000018fa9836150 DEOPT PACKING pc=0x0000018f90ac8bb4 sp=0x00000004ccefde20
Event: 11.834 Thread 0x0000018fa9836150 DEOPT UNPACKING pc=0x0000018f900c69a3 sp=0x00000004ccefddd8 mode 2
Event: 11.834 Thread 0x0000018fa9836150 Uncommon trap: trap_request=0xffffffc6 fr.pc=0x0000018f90ac8bb4 relative=0x00000000000009b4
Event: 11.834 Thread 0x0000018fa9836150 Uncommon trap: reason=bimorphic_or_optimized_type_check action=maybe_recompile pc=0x0000018f90ac8bb4 method=com.google.common.collect.AbstractMapBasedMultimap$WrappedCollection.refreshIfEmpty()V @ 59 c2
Event: 11.834 Thread 0x0000018fa9836150 DEOPT PACKING pc=0x0000018f90ac8bb4 sp=0x00000004ccefde60
Event: 11.834 Thread 0x0000018fa9836150 DEOPT UNPACKING pc=0x0000018f900c69a3 sp=0x00000004ccefde18 mode 2
Event: 11.845 Thread 0x0000018fa9834e10 Uncommon trap: trap_request=0xffffff45 fr.pc=0x0000018f90718d20 relative=0x00000000000006e0
Event: 11.845 Thread 0x0000018fa9834e10 Uncommon trap: reason=unstable_if action=reinterpret pc=0x0000018f90718d20 method=java.lang.ThreadLocal$ThreadLocalMap.set(Ljava/lang/ThreadLocal;Ljava/lang/Object;)V @ 125 c2
Event: 11.845 Thread 0x0000018fa9834e10 DEOPT PACKING pc=0x0000018f90718d20 sp=0x00000004cc1faa20
Event: 11.845 Thread 0x0000018fa9834e10 DEOPT UNPACKING pc=0x0000018f900c69a3 sp=0x00000004cc1fa9d0 mode 2
Event: 11.898 Thread 0x0000018fa9834e10 Uncommon trap: trap_request=0xffffffc6 fr.pc=0x0000018f907c90e8 relative=0x0000000000000468
Event: 11.898 Thread 0x0000018fa9834e10 Uncommon trap: reason=bimorphic_or_optimized_type_check action=maybe_recompile pc=0x0000018f907c90e8 method=java.util.Spliterators$IteratorSpliterator.tryAdvance(Ljava/util/function/Consumer;)Z @ 50 c2
Event: 11.898 Thread 0x0000018fa9834e10 DEOPT PACKING pc=0x0000018f907c90e8 sp=0x00000004cc1f9a40
Event: 11.898 Thread 0x0000018fa9834e10 DEOPT UNPACKING pc=0x0000018f900c69a3 sp=0x00000004cc1f99e0 mode 2
Event: 11.963 Thread 0x0000018fa9834e10 Uncommon trap: trap_request=0xffffff45 fr.pc=0x0000018f90960478 relative=0x0000000000000078
Event: 11.963 Thread 0x0000018fa9834e10 Uncommon trap: reason=unstable_if action=reinterpret pc=0x0000018f90960478 method=jdk.internal.misc.Unsafe.convEndian(ZS)S @ 4 c2
Event: 11.963 Thread 0x0000018fa9834e10 DEOPT PACKING pc=0x0000018f90960478 sp=0x00000004cc1f8620
Event: 11.963 Thread 0x0000018fa9834e10 DEOPT UNPACKING pc=0x0000018f900c69a3 sp=0x00000004cc1f8528 mode 2

Classes unloaded (0 events):
No events

Classes redefined (0 events):
No events

Internal exceptions (20 events):
Event: 11.900 Thread 0x0000018fa9834e10 Exception <a 'sun/nio/fs/WindowsException'{0x00000006eb819d20}> (0x00000006eb819d20) 
thrown [s\src\hotspot\share\prims\jni.cpp, line 517]
Event: 11.900 Thread 0x0000018fa9834e10 Exception <a 'sun/nio/fs/WindowsException'{0x00000006eb81c018}> (0x00000006eb81c018) 
thrown [s\src\hotspot\share\prims\jni.cpp, line 517]
Event: 11.900 Thread 0x0000018fa9834e10 Exception <a 'sun/nio/fs/WindowsException'{0x00000006eb81c558}> (0x00000006eb81c558) 
thrown [s\src\hotspot\share\prims\jni.cpp, line 517]
Event: 11.901 Thread 0x0000018fa9834e10 Exception <a 'sun/nio/fs/WindowsException'{0x00000006eb81e7b0}> (0x00000006eb81e7b0) 
thrown [s\src\hotspot\share\prims\jni.cpp, line 517]
Event: 11.901 Thread 0x0000018fa9834e10 Exception <a 'sun/nio/fs/WindowsException'{0x00000006eb81ece8}> (0x00000006eb81ece8) 
thrown [s\src\hotspot\share\prims\jni.cpp, line 517]
Event: 11.901 Thread 0x0000018fa9834e10 Exception <a 'sun/nio/fs/WindowsException'{0x00000006eb820f18}> (0x00000006eb820f18) 
thrown [s\src\hotspot\share\prims\jni.cpp, line 517]
Event: 11.901 Thread 0x0000018fa9834e10 Exception <a 'sun/nio/fs/WindowsException'{0x00000006eb8213c8}> (0x00000006eb8213c8) 
thrown [s\src\hotspot\share\prims\jni.cpp, line 517]
Event: 11.902 Thread 0x0000018fa9834e10 Exception <a 'sun/nio/fs/WindowsException'{0x00000006eb8235f0}> (0x00000006eb8235f0) 
thrown [s\src\hotspot\share\prims\jni.cpp, line 517]
Event: 11.902 Thread 0x0000018fa9834e10 Exception <a 'sun/nio/fs/WindowsException'{0x00000006eb823a98}> (0x00000006eb823a98) 
thrown [s\src\hotspot\share\prims\jni.cpp, line 517]
Event: 12.036 Thread 0x0000018fa9834e10 Exception <a 'sun/nio/fs/WindowsException'{0x00000006ec0199c0}> (0x00000006ec0199c0) 
thrown [s\src\hotspot\share\prims\jni.cpp, line 517]
Event: 12.036 Thread 0x0000018fa9834e10 Exception <a 'sun/nio/fs/WindowsException'{0x00000006ec01b2c0}> (0x00000006ec01b2c0) 
thrown [s\src\hotspot\share\prims\jni.cpp, line 517]
Event: 12.037 Thread 0x0000018fa9834e10 Exception <a 'sun/nio/fs/WindowsException'{0x00000006ec01c850}> (0x00000006ec01c850) 
thrown [s\src\hotspot\share\prims\jni.cpp, line 517]
Event: 12.037 Thread 0x0000018fa9834e10 Exception <a 'sun/nio/fs/WindowsException'{0x00000006ec01cd88}> (0x00000006ec01cd88) 
thrown [s\src\hotspot\share\prims\jni.cpp, line 517]
Event: 12.037 Thread 0x0000018fa9834e10 Exception <a 'sun/nio/fs/WindowsException'{0x00000006ec01f5a0}> (0x00000006ec01f5a0) 
thrown [s\src\hotspot\share\prims\jni.cpp, line 517]
Event: 12.037 Thread 0x0000018fa9834e10 Exception <a 'sun/nio/fs/WindowsException'{0x00000006ec01fa50}> (0x00000006ec01fa50) 
thrown [s\src\hotspot\share\prims\jni.cpp, line 517]
Event: 12.037 Thread 0x0000018fa9834e10 Exception <a 'sun/nio/fs/WindowsException'{0x00000006ec022260}> (0x00000006ec022260) 
thrown [s\src\hotspot\share\prims\jni.cpp, line 517]
Event: 12.037 Thread 0x0000018fa9834e10 Exception <a 'sun/nio/fs/WindowsException'{0x00000006ec022708}> (0x00000006ec022708) 
thrown [s\src\hotspot\share\prims\jni.cpp, line 517]
Event: 12.037 Thread 0x0000018fa9834e10 Exception <a 'sun/nio/fs/WindowsException'{0x00000006ec024f08}> (0x00000006ec024f08) 
thrown [s\src\hotspot\share\prims\jni.cpp, line 517]
Event: 12.084 Thread 0x0000018fa9834e10 Exception <a 'sun/nio/fs/WindowsException'{0x00000006ef80fef0}> (0x00000006ef80fef0) 
thrown [s\src\hotspot\share\prims\jni.cpp, line 517]
Event: 12.085 Thread 0x0000018fa9834e10 Exception <a 'sun/nio/fs/WindowsException'{0x00000006ef8117a0}> (0x00000006ef8117a0) 
thrown [s\src\hotspot\share\prims\jni.cpp, line 517]

VM Operations (20 events):
Event: 11.797 Executing VM operation: G1CollectForAllocation
Event: 11.801 Executing VM operation: G1CollectForAllocation done
Event: 11.834 Executing VM operation: G1Concurrent
Event: 11.837 Executing VM operation: G1Concurrent done
Event: 11.851 Executing VM operation: G1Concurrent
Event: 11.851 Executing VM operation: G1Concurrent done
Event: 11.884 Executing VM operation: HandshakeAllThreads
Event: 11.884 Executing VM operation: HandshakeAllThreads done
Event: 11.909 Executing VM operation: G1TryInitiateConcMark
Event: 11.911 Executing VM operation: G1TryInitiateConcMark done
Event: 11.943 Executing VM operation: G1Concurrent
Event: 11.946 Executing VM operation: G1Concurrent done
Event: 11.961 Executing VM operation: G1Concurrent
Event: 11.961 Executing VM operation: G1Concurrent done
Event: 12.054 Executing VM operation: G1TryInitiateConcMark
Event: 12.057 Executing VM operation: G1TryInitiateConcMark done
Event: 12.090 Executing VM operation: G1TryInitiateConcMark
Event: 12.093 Executing VM operation: G1TryInitiateConcMark done
Event: 12.097 Executing VM operation: G1CollectForAllocation
Event: 12.130 Executing VM operation: G1CollectForAllocation done

Events (20 events):
Event: 11.817 loading class java/util/HashMap$UnsafeHolder
Event: 11.817 loading class java/util/HashMap$UnsafeHolder done
Event: 11.822 loading class java/nio/file/StandardCopyOption
Event: 11.822 loading class java/nio/file/StandardCopyOption done
Event: 11.823 loading class sun/nio/fs/WindowsFileCopy
Event: 11.823 loading class sun/nio/fs/WindowsFileCopy done
Event: 11.898 loading class java/nio/file/Files$2
Event: 11.898 loading class java/nio/file/Files$2 done
Event: 11.905 loading class java/nio/file/FileTreeWalker$1
Event: 11.905 loading class java/nio/file/FileTreeWalker$1 done
Event: 11.966 loading class java/nio/channels/NonWritableChannelException
Event: 11.966 loading class java/nio/channels/NonWritableChannelException done
Event: 11.996 loading class java/nio/FloatBuffer
Event: 11.997 loading class java/nio/FloatBuffer done
Event: 11.997 loading class java/nio/HeapFloatBuffer
Event: 11.997 loading class java/nio/HeapFloatBuffer done
Event: 12.038 loading class java/nio/file/Path$1
Event: 12.038 loading class java/nio/file/Path$1 done
Event: 12.046 loading class java/util/Collections$UnmodifiableList$1
Event: 12.046 loading class java/util/Collections$UnmodifiableList$1 done


Dynamic libraries:
0x00007ff670bc0000 - 0x00007ff670bca000 	C:\Program Files\Android\Android Studio\jbr\bin\java.exe
0x00007ffb3d790000 - 0x00007ffb3d9a6000 	C:\Windows\SYSTEM32\ntdll.dll
0x00007ffb3c080000 - 0x00007ffb3c144000 	C:\Windows\System32\KERNEL32.DLL
0x00007ffb3ad90000 - 0x00007ffb3b137000 	C:\Windows\System32\KERNELBASE.dll
0x00000000566f0000 - 0x0000000056a22000 	C:\Program Files\Norton Security\NortonData\22.23.5.106\Definitions\IPSDefs\20231208.064\IPSEng64.dll
0x00007ffb3c3b0000 - 0x00007ffb3c462000 	C:\Windows\System32\ADVAPI32.dll
0x00007ffb3c150000 - 0x00007ffb3c1f7000 	C:\Windows\System32\msvcrt.dll
0x00007ffb3bf60000 - 0x00007ffb3c008000 	C:\Windows\System32\sechost.dll
0x00007ffb3b1e0000 - 0x00007ffb3b208000 	C:\Windows\System32\bcrypt.dll
0x00007ffb3b920000 - 0x00007ffb3ba35000 	C:\Windows\System32\RPCRT4.dll
0x00007ffb3bad0000 - 0x00007ffb3bad8000 	C:\Windows\System32\PSAPI.DLL
0x00007ffb3b210000 - 0x00007ffb3b321000 	C:\Windows\System32\ucrtbase.dll
0x00007ffac92f0000 - 0x00007ffac9307000 	C:\Program Files\Android\Android Studio\jbr\bin\jli.dll
0x00007ffb3c200000 - 0x00007ffb3c3ae000 	C:\Windows\System32\USER32.dll
0x00007ffb3aab0000 - 0x00007ffb3aad6000 	C:\Windows\System32\win32u.dll
0x00007ffb1af00000 - 0x00007ffb1b193000 	C:\Windows\WinSxS\amd64_microsoft.windows.common-controls_6595b64144ccf1df_6.0.22621.3235_none_270f74e173860f98\COMCTL32.dll
0x00007ffaf08a0000 - 0x00007ffaf08bb000 	C:\Program Files\Android\Android Studio\jbr\bin\VCRUNTIME140.dll
0x00007ffb3d5a0000 - 0x00007ffb3d5c9000 	C:\Windows\System32\GDI32.dll
0x00007ffb3b3a0000 - 0x00007ffb3b4b9000 	C:\Windows\System32\gdi32full.dll
0x00007ffb3b140000 - 0x00007ffb3b1da000 	C:\Windows\System32\msvcp_win.dll
0x00007ffb3ba90000 - 0x00007ffb3bac1000 	C:\Windows\System32\IMM32.DLL
0x00007ffb17370000 - 0x00007ffb1737c000 	C:\Program Files\Android\Android Studio\jbr\bin\vcruntime140_1.dll
0x00007ffad7930000 - 0x00007ffad79bd000 	C:\Program Files\Android\Android Studio\jbr\bin\msvcp140.dll
0x00007ff99e200000 - 0x00007ff99ee6e000 	C:\Program Files\Android\Android Studio\jbr\bin\server\jvm.dll
0x00007ffb2bca0000 - 0x00007ffb2bcd4000 	C:\Windows\SYSTEM32\WINMM.dll
0x00007ffb11140000 - 0x00007ffb11149000 	C:\Windows\SYSTEM32\WSOCK32.dll
0x00007ffb2bb10000 - 0x00007ffb2bb1a000 	C:\Windows\SYSTEM32\VERSION.dll
0x00007ffb3d5d0000 - 0x00007ffb3d641000 	C:\Windows\System32\WS2_32.dll
0x00007ffb39be0000 - 0x00007ffb39bf8000 	C:\Windows\SYSTEM32\kernel.appcore.dll
0x00007ffb332c0000 - 0x00007ffb332ca000 	C:\Program Files\Android\Android Studio\jbr\bin\jimage.dll
0x00007ffb38050000 - 0x00007ffb38283000 	C:\Windows\SYSTEM32\DBGHELP.DLL
0x00007ffb3d210000 - 0x00007ffb3d598000 	C:\Windows\System32\combase.dll
0x00007ffb3b6d0000 - 0x00007ffb3b7a7000 	C:\Windows\System32\OLEAUT32.dll
0x00007ffb26b40000 - 0x00007ffb26b72000 	C:\Windows\SYSTEM32\dbgcore.DLL
0x00007ffb3ad10000 - 0x00007ffb3ad89000 	C:\Windows\System32\bcryptPrimitives.dll
0x00007ffb24520000 - 0x00007ffb24545000 	C:\Program Files\Android\Android Studio\jbr\bin\java.dll
0x00007ffb06c60000 - 0x00007ffb06c78000 	C:\Program Files\Android\Android Studio\jbr\bin\zip.dll
0x00007ffb3c470000 - 0x00007ffb3cccc000 	C:\Windows\System32\SHELL32.dll
0x00007ffb389d0000 - 0x00007ffb392c9000 	C:\Windows\SYSTEM32\windows.storage.dll
0x00007ffb38890000 - 0x00007ffb389ce000 	C:\Windows\SYSTEM32\wintypes.dll
0x00007ffb3d110000 - 0x00007ffb3d203000 	C:\Windows\System32\SHCORE.dll
0x00007ffb3b4c0000 - 0x00007ffb3b51e000 	C:\Windows\System32\shlwapi.dll
0x00007ffb3a9e0000 - 0x00007ffb3aa01000 	C:\Windows\SYSTEM32\profapi.dll
0x00007ffaea750000 - 0x00007ffaea769000 	C:\Program Files\Android\Android Studio\jbr\bin\net.dll
0x00007ffb33db0000 - 0x00007ffb33ee6000 	C:\Windows\SYSTEM32\WINHTTP.dll
0x00007ffb3a050000 - 0x00007ffb3a0b9000 	C:\Windows\system32\mswsock.dll
0x00007ffaea730000 - 0x00007ffaea746000 	C:\Program Files\Android\Android Studio\jbr\bin\nio.dll
0x00007ffb24510000 - 0x00007ffb24520000 	C:\Program Files\Android\Android Studio\jbr\bin\verify.dll
0x00007ffae9820000 - 0x00007ffae9847000 	C:\Users\lians\.gradle\native\68d5fa5c4cc2d200863cafc0d521ce42e7d3e7ee720ec0a83991735586a16f82\windows-amd64\native-platform.dll
0x00007ffac5f30000 - 0x00007ffac6074000 	C:\Users\lians\.gradle\native\e376f236ea51e6404a007f0833ffe2c6e607c4080706a723a18a27aeea778392\windows-amd64\native-platform-file-events.dll
0x00007ffb1a390000 - 0x00007ffb1a399000 	C:\Program Files\Android\Android Studio\jbr\bin\management.dll
0x00007ffb1a280000 - 0x00007ffb1a28b000 	C:\Program Files\Android\Android Studio\jbr\bin\management_ext.dll
0x00007ffb3a2b0000 - 0x00007ffb3a2cb000 	C:\Windows\SYSTEM32\CRYPTSP.dll
0x00007ffb39b40000 - 0x00007ffb39b75000 	C:\Windows\system32\rsaenh.dll
0x00007ffb3a150000 - 0x00007ffb3a178000 	C:\Windows\SYSTEM32\USERENV.dll
0x00007ffb3a2d0000 - 0x00007ffb3a2dc000 	C:\Windows\SYSTEM32\CRYPTBASE.dll
0x00007ffb395f0000 - 0x00007ffb3961d000 	C:\Windows\SYSTEM32\IPHLPAPI.DLL
0x00007ffb3c070000 - 0x00007ffb3c079000 	C:\Windows\System32\NSI.dll
0x00007ffb33f70000 - 0x00007ffb33f89000 	C:\Windows\SYSTEM32\dhcpcsvc6.DLL
0x00007ffb33ce0000 - 0x00007ffb33cff000 	C:\Windows\SYSTEM32\dhcpcsvc.DLL
0x00007ffb39620000 - 0x00007ffb39719000 	C:\Windows\SYSTEM32\DNSAPI.dll
0x00007ffb26ac0000 - 0x00007ffb26ac8000 	C:\Windows\system32\wshunix.dll
0x00007ffb11a50000 - 0x00007ffb11a67000 	C:\Windows\system32\napinsp.dll
0x00007ffb1aa20000 - 0x00007ffb1aa3b000 	C:\Windows\system32\pnrpnsp.dll
0x00007ffb1a9e0000 - 0x00007ffb1a9f1000 	C:\Windows\System32\winrnr.dll
0x00007ffb30740000 - 0x00007ffb30755000 	C:\Windows\system32\wshbth.dll
0x00007ffb1a9b0000 - 0x00007ffb1a9d1000 	C:\Windows\system32\nlansp_c.dll
0x00007ffb30950000 - 0x00007ffb3095a000 	C:\Windows\System32\rasadhlp.dll
0x00007ffb30b20000 - 0x00007ffb30ba3000 	C:\Windows\System32\fwpuclnt.dll
0x00007ffb39c00000 - 0x00007ffb39c34000 	C:\Windows\SYSTEM32\ntmarta.dll

dbghelp: loaded successfully - version: 4.0.5 - missing functions: none
symbol engine: initialized successfully - sym options: 0x614 - pdb path: .;C:\Program Files\Android\Android Studio\jbr\bin;C:\Windows\SYSTEM32;C:\Program Files\Norton Security\NortonData\22.23.5.106\Definitions\IPSDefs\20231208.064;C:\Windows\WinSxS\amd64_microsoft.windows.common-controls_6595b64144ccf1df_6.0.22621.3235_none_270f74e173860f98;C:\Program Files\Android\Android Studio\jbr\bin\server;C:\Users\lians\.gradle\native\68d5fa5c4cc2d200863cafc0d521ce42e7d3e7ee720ec0a83991735586a16f82\windows-amd64;C:\Users\lians\.gradle\native\e376f236ea51e6404a007f0833ffe2c6e607c4080706a723a18a27aeea778392\windows-amd64

VM Arguments:
jvm_args: --add-opens=java.base/java.util=ALL-UNNAMED --add-opens=java.base/java.lang=ALL-UNNAMED --add-opens=java.base/java.lang.invoke=ALL-UNNAMED --add-opens=java.prefs/java.util.prefs=ALL-UNNAMED --add-opens=java.base/java.nio.charset=ALL-UNNAMED --add-opens=java.base/java.net=ALL-UNNAMED --add-opens=java.base/java.util.concurrent.atomic=ALL-UNNAMED -Xmx4608m -Dfile.encoding=UTF-8 -Duser.country=MY -Duser.language=en -Duser.variant 
java_command: org.gradle.launcher.daemon.bootstrap.GradleDaemon 8.0
java_class_path (initial): C:\Users\lians\.gradle\wrapper\dists\gradle-8.0-bin\ca5e32bp14vu59qr306oxotwh\gradle-8.0\lib\gradle-launcher-8.0.jar
Launcher Type: SUN_STANDARD

[Global flags]
     intx CICompilerCount                          = 4                                         {product} {ergonomic}
     uint ConcGCThreads                            = 3                                         {product} {ergonomic}
     uint G1ConcRefinementThreads                  = 10                                        {product} {ergonomic}
   size_t G1HeapRegionSize                         = 4194304                                   {product} {ergonomic}
    uintx GCDrainStackTargetSize                   = 64                                        {product} {ergonomic}
   size_t InitialHeapSize                          = 264241152                                 {product} {ergonomic}
   size_t MarkStackSize                            = 4194304                                   {product} {ergonomic}
   size_t MaxHeapSize                              = 4831838208                                {product} {command line}
   size_t MaxNewSize                               = 2898264064                                {product} {ergonomic}
   size_t MinHeapDeltaBytes                        = 4194304                                   {product} {ergonomic}
   size_t MinHeapSize                              = 8388608                                   {product} {ergonomic}
    uintx NonNMethodCodeHeapSize                   = 5839372                                {pd product} {ergonomic}
    uintx NonProfiledCodeHeapSize                  = 122909434                              {pd product} {ergonomic}
    uintx ProfiledCodeHeapSize                     = 122909434                              {pd product} {ergonomic}
    uintx ReservedCodeCacheSize                    = 251658240                              {pd product} {ergonomic}
     bool SegmentedCodeCache                       = true                                      {product} {ergonomic}
   size_t SoftMaxHeapSize                          = 4831838208                             {manageable} {ergonomic}
     bool UseCompressedClassPointers               = true                           {product lp64_product} {ergonomic}
     bool UseCompressedOops                        = true                           {product lp64_product} {ergonomic}
     bool UseG1GC                                  = true                                      {product} {ergonomic}
     bool UseLargePagesIndividualAllocation        = false                                  {pd product} {ergonomic}

Logging:
Log output configuration:
 #0: stdout all=warning uptime,level,tags
 #1: stderr all=off uptime,level,tags

Environment Variables:
PATH=C:\oraclexe\app\oracle\product\11.2.0\server\bin;;C:\Program Files\Common Files\Oracle\Java\javapath;C:\oraclexe\app\oracle\product\11.2.0\server\bin;C:\Windows\system32;C:\Windows;C:\Windows\System32\Wbem;C:\Windows\System32\WindowsPowerShell\v1.0\;C:\Windows\System32\OpenSSH\;C:\Program Files (x86)\NVIDIA Corporation\PhysX\Common;C:\Program Files\NVIDIA Corporation\NVIDIA NvDLISR;C:\Program Files\Git\cmd;C:\sqlite3;C:\Program Files\nodejs\;C:\Program Files\poppler\bin;C:\Users\lians\AppData\Local\Microsoft\WindowsApps;C:\Users\lians\AppData\Local\Microsoft\WindowsApps;C:\Users\lians\AppData\Local\Programs\Microsoft VS Code\bin;C:\Users\lians\AppData\Roaming\npm;C:\Users\lians\AppData\Local\Google\Cloud SDK\google-cloud-sdk\bin;C:\Program Files\Python312;C:\Program Files\Python312\Scripts;
USERNAME=lians
OS=Windows_NT
PROCESSOR_IDENTIFIER=Intel64 Family 6 Model 154 Stepping 3, GenuineIntel
TMP=C:\Users\lians\AppData\Local\Temp
TEMP=C:\Users\lians\AppData\Local\Temp


JNI global refs:
JNI global refs: 25, weak refs: 0

JNI global refs memory usage: 843, weak refs: 209


---------------  S Y S T E M  ---------------

OS:
 Windows 11 , 64 bit Build 22621 (10.0.22621.3374)
OS uptime: 11 days 8:53 hours
Hyper-V role detected

CPU: total 12 (initial active 12) (6 cores per cpu, 2 threads per core) family 6 model 154 stepping 3 microcode 0x424, cx8, cmov, fxsr, ht, mmx, 3dnowpref, sse, sse2, sse3, ssse3, sse4.1, sse4.2, popcnt, lzcnt, tsc, tscinvbit, avx, avx2, aes, erms, clmul, bmi1, bmi2, adx, sha, fma, vzeroupper, clflush, clflushopt, clwb, hv

Memory: 4k page, system-wide physical 16085M (276M free)
TotalPageFile size 65237M (AvailPageFile size 0M)
current process WorkingSet (physical memory assigned to process): 573M, peak: 573M
current process commit charge ("private bytes"): 615M, peak: 616M

vm_info: OpenJDK 64-Bit Server VM (17.0.6+0-b2043.56-10027231) for windows-amd64 JRE (17.0.6+0-b2043.56-10027231), built on Apr 28 2023 00:43:19 by "androidbuild" with MS VC++ 16.10 / 16.11 (VS2019)

END.
